<?xml version="1.0" encoding="UTF-8"?>
<coverage generated="1779474999374" clover="3.2.0">
  <project timestamp="1779474999374" name="All files">
    <metrics statements="66" coveredstatements="64" conditionals="53" coveredconditionals="47" methods="8" coveredmethods="8" elements="127" coveredelements="119" complexity="0" loc="66" ncloc="66" packages="1" files="3" classes="3"/>
    <file name="launcher.ts" path="/Users/maple/Desktop/copilot-preview/mcp-server/src/launcher.ts">
      <metrics statements="15" coveredstatements="14" conditionals="6" coveredconditionals="5" methods="4" coveredmethods="4"/>
      <line num="5" count="1" type="stmt"/>
      <line num="8" count="7" type="stmt"/>
      <line num="9" count="7" type="cond" truecount="1" falsecount="1"/>
      <line num="10" count="0" type="stmt"/>
      <line num="19" count="7" type="stmt"/>
      <line num="20" count="7" type="cond" truecount="2" falsecount="0"/>
      <line num="21" count="1" type="stmt"/>
      <line num="23" count="7" type="cond" truecount="2" falsecount="0"/>
      <line num="24" count="1" type="stmt"/>
      <line num="27" count="7" type="stmt"/>
      <line num="28" count="7" type="stmt"/>
      <line num="29" count="7" type="stmt"/>
      <line num="30" count="7" type="stmt"/>
      <line num="31" count="6" type="stmt"/>
      <line num="32" count="6" type="stmt"/>
    </file>
    <file name="tool.ts" path="/Users/maple/Desktop/copilot-preview/mcp-server/src/tool.ts">
      <metrics statements="18" coveredstatements="17" conditionals="18" coveredconditionals="14" methods="2" coveredmethods="2"/>
      <line num="8" count="10" type="stmt"/>
      <line num="18" count="11" type="stmt"/>
      <line num="20" count="11" type="cond" truecount="2" falsecount="0"/>
      <line num="21" count="4" type="stmt"/>
      <line num="24" count="7" type="stmt"/>
      <line num="26" count="7" type="stmt"/>
      <line num="27" count="7" type="stmt"/>
      <line num="29" count="1" type="cond" truecount="3" falsecount="1"/>
      <line num="30" count="1" type="stmt"/>
      <line num="32" count="0" type="cond" truecount="0" falsecount="2"/>
      <line num="35" count="6" type="stmt"/>
      <line num="37" count="6" type="cond" truecount="2" falsecount="0"/>
      <line num="38" count="1" type="stmt"/>
      <line num="41" count="5" type="cond" truecount="2" falsecount="0"/>
      <line num="42" count="1" type="stmt"/>
      <line num="45" count="4" type="cond" truecount="1" falsecount="1"/>
      <line num="46" count="11" type="cond" truecount="4" falsecount="0"/>
      <line num="48" count="11" type="stmt"/>
    </file>
    <file name="validator.ts" path="/Users/maple/Desktop/copilot-preview/mcp-server/src/validator.ts">
      <metrics statements="33" coveredstatements="33" conditionals="29" coveredconditionals="28" methods="2" coveredmethods="2"/>
      <line num="5" count="2" type="stmt"/>
      <line num="7" count="2" type="stmt"/>
      <line num="18" count="2" type="stmt"/>
      <line num="69" count="2" type="stmt"/>
      <line num="90" count="2" type="stmt"/>
      <line num="91" count="2" type="stmt"/>
      <line num="94" count="29" type="stmt"/>
      <line num="96" count="29" type="cond" truecount="2" falsecount="0"/>
      <line num="97" count="1" type="stmt"/>
      <line num="100" count="28" type="cond" truecount="2" falsecount="0"/>
      <line num="101" count="24" type="cond" truecount="2" falsecount="0"/>
      <line num="102" count="19" type="cond" truecount="2" falsecount="0"/>
      <line num="103" count="16" type="cond" truecount="2" falsecount="0"/>
      <line num="105" count="1" type="stmt"/>
      <line num="111" count="36" type="cond" truecount="2" falsecount="0"/>
      <line num="116" count="36" type="stmt"/>
      <line num="117" count="36" type="stmt"/>
      <line num="119" count="3" type="cond" truecount="2" falsecount="0"/>
      <line num="123" count="2" type="stmt"/>
      <line num="125" count="1" type="stmt"/>
      <line num="128" count="33" type="cond" truecount="2" falsecount="0"/>
      <line num="129" count="2" type="stmt"/>
      <line num="135" count="31" type="stmt"/>
      <line num="136" count="31" type="cond" truecount="2" falsecount="0"/>
      <line num="137" count="2" type="stmt"/>
      <line num="138" count="2" type="stmt"/>
      <line num="144" count="29" type="stmt"/>
      <line num="146" count="29" type="cond" truecount="2" falsecount="0"/>
      <line num="147" count="4" type="stmt"/>
      <line num="151" count="25" type="cond" truecount="5" falsecount="0"/>
      <line num="152" count="19" type="stmt"/>
      <line num="153" count="19" type="stmt"/>
      <line num="156" count="25" type="stmt"/>
    </file>
  </project>
</coverage>
