{"/Users/maple/Desktop/copilot-preview/mcp-server/src/launcher.ts": {"path":"/Users/maple/Desktop/copilot-preview/mcp-server/src/launcher.ts","statementMap":{"0":{"start":{"line":5,"column":18},"end":{"line":5,"column":null}},"1":{"start":{"line":8,"column":20},"end":{"line":8,"column":null}},"2":{"start":{"line":9,"column":2},"end":{"line":9,"column":null}},"3":{"start":{"line":9,"column":17},"end":{"line":9,"column":null}},"4":{"start":{"line":10,"column":2},"end":{"line":10,"column":null}},"5":{"start":{"line":19,"column":25},"end":{"line":19,"column":null}},"6":{"start":{"line":20,"column":2},"end":{"line":22,"column":null}},"7":{"start":{"line":21,"column":4},"end":{"line":21,"column":null}},"8":{"start":{"line":23,"column":2},"end":{"line":25,"column":null}},"9":{"start":{"line":24,"column":4},"end":{"line":24,"column":null}},"10":{"start":{"line":27,"column":2},"end":{"line":34,"column":null}},"11":{"start":{"line":28,"column":10},"end":{"line":28,"column":null}},"12":{"start":{"line":29,"column":4},"end":{"line":29,"column":null}},"13":{"start":{"line":30,"column":4},"end":{"line":33,"column":null}},"14":{"start":{"line":31,"column":6},"end":{"line":31,"column":null}},"15":{"start":{"line":32,"column":6},"end":{"line":32,"column":null}}},"fnMap":{"0":{"name":"resolveAppBinary","decl":{"start":{"line":7,"column":16},"end":{"line":7,"column":43}},"loc":{"start":{"line":7,"column":43},"end":{"line":11,"column":null}},"line":7},"1":{"name":"launchOrUpdate","decl":{"start":{"line":13,"column":22},"end":{"line":13,"column":null}},"loc":{"start":{"line":18,"column":17},"end":{"line":35,"column":null}},"line":18},"2":{"name":"(anonymous_2)","decl":{"start":{"line":27,"column":13},"end":{"line":27,"column":28}},"loc":{"start":{"line":27,"column":48},"end":{"line":34,"column":3}},"line":27},"3":{"name":"(anonymous_3)","decl":{"start":{"line":30,"column":13},"end":{"line":30,"column":28}},"loc":{"start":{"line":30,"column":28},"end":{"line":33,"column":5}},"line":30}},"branchMap":{"0":{"loc":{"start":{"line":9,"column":2},"end":{"line":9,"column":null}},"type":"if","locations":[{"start":{"line":9,"column":2},"end":{"line":9,"column":null}},{"start":{},"end":{}}],"line":9},"1":{"loc":{"start":{"line":20,"column":2},"end":{"line":22,"column":null}},"type":"if","locations":[{"start":{"line":20,"column":2},"end":{"line":22,"column":null}},{"start":{},"end":{}}],"line":20},"2":{"loc":{"start":{"line":23,"column":2},"end":{"line":25,"column":null}},"type":"if","locations":[{"start":{"line":23,"column":2},"end":{"line":25,"column":null}},{"start":{},"end":{}}],"line":23}},"s":{"0":1,"1":7,"2":7,"3":7,"4":0,"5":7,"6":7,"7":1,"8":7,"9":1,"10":7,"11":7,"12":7,"13":7,"14":6,"15":6},"f":{"0":7,"1":7,"2":7,"3":6},"b":{"0":[7,0],"1":[1,6],"2":[1,6]},"meta":{"lastBranch":3,"lastFunction":4,"lastStatement":16,"seen":{"s:5:18:5:Infinity":0,"f:7:16:7:43":0,"s:8:20:8:Infinity":1,"b:9:2:9:Infinity:undefined:undefined:undefined:undefined":0,"s:9:2:9:Infinity":2,"s:9:17:9:Infinity":3,"s:10:2:10:Infinity":4,"f:13:22:13:Infinity":1,"s:19:25:19:Infinity":5,"b:20:2:22:Infinity:undefined:undefined:undefined:undefined":1,"s:20:2:22:Infinity":6,"s:21:4:21:Infinity":7,"b:23:2:25:Infinity:undefined:undefined:undefined:undefined":2,"s:23:2:25:Infinity":8,"s:24:4:24:Infinity":9,"s:27:2:34:Infinity":10,"f:27:13:27:28":2,"s:28:10:28:Infinity":11,"s:29:4:29:Infinity":12,"s:30:4:33:Infinity":13,"f:30:13:30:28":3,"s:31:6:31:Infinity":14,"s:32:6:32:Infinity":15}}}
,"/Users/maple/Desktop/copilot-preview/mcp-server/src/tool.ts": {"path":"/Users/maple/Desktop/copilot-preview/mcp-server/src/tool.ts","statementMap":{"0":{"start":{"line":8,"column":2},"end":{"line":50,"column":null}},"1":{"start":{"line":18,"column":21},"end":{"line":18,"column":null}},"2":{"start":{"line":20,"column":6},"end":{"line":22,"column":null}},"3":{"start":{"line":21,"column":8},"end":{"line":21,"column":null}},"4":{"start":{"line":24,"column":12},"end":{"line":24,"column":null}},"5":{"start":{"line":26,"column":6},"end":{"line":33,"column":null}},"6":{"start":{"line":27,"column":8},"end":{"line":27,"column":null}},"7":{"start":{"line":29,"column":8},"end":{"line":31,"column":null}},"8":{"start":{"line":30,"column":10},"end":{"line":30,"column":null}},"9":{"start":{"line":32,"column":8},"end":{"line":32,"column":null}},"10":{"start":{"line":35,"column":23},"end":{"line":35,"column":null}},"11":{"start":{"line":37,"column":6},"end":{"line":39,"column":null}},"12":{"start":{"line":38,"column":8},"end":{"line":38,"column":null}},"13":{"start":{"line":41,"column":6},"end":{"line":43,"column":null}},"14":{"start":{"line":42,"column":8},"end":{"line":42,"column":null}},"15":{"start":{"line":45,"column":25},"end":{"line":45,"column":null}},"16":{"start":{"line":46,"column":26},"end":{"line":47,"column":null}},"17":{"start":{"line":48,"column":6},"end":{"line":48,"column":null}}},"fnMap":{"0":{"name":"createShowFileTool","decl":{"start":{"line":7,"column":16},"end":{"line":7,"column":37}},"loc":{"start":{"line":7,"column":37},"end":{"line":51,"column":null}},"line":7},"1":{"name":"(anonymous_1)","decl":{"start":{"line":17,"column":13},"end":{"line":17,"column":20}},"loc":{"start":{"line":17,"column":102},"end":{"line":49,"column":null}},"line":17}},"branchMap":{"0":{"loc":{"start":{"line":20,"column":6},"end":{"line":22,"column":null}},"type":"if","locations":[{"start":{"line":20,"column":6},"end":{"line":22,"column":null}},{"start":{},"end":{}}],"line":20},"1":{"loc":{"start":{"line":29,"column":8},"end":{"line":31,"column":null}},"type":"if","locations":[{"start":{"line":29,"column":8},"end":{"line":31,"column":null}},{"start":{},"end":{}}],"line":29},"2":{"loc":{"start":{"line":29,"column":12},"end":{"line":29,"column":90}},"type":"binary-expr","locations":[{"start":{"line":29,"column":12},"end":{"line":29,"column":39}},{"start":{"line":29,"column":39},"end":{"line":29,"column":90}}],"line":29},"3":{"loc":{"start":{"line":32,"column":57},"end":{"line":32,"column":113}},"type":"cond-expr","locations":[{"start":{"line":32,"column":82},"end":{"line":32,"column":98}},{"start":{"line":32,"column":98},"end":{"line":32,"column":113}}],"line":32},"4":{"loc":{"start":{"line":37,"column":6},"end":{"line":39,"column":null}},"type":"if","locations":[{"start":{"line":37,"column":6},"end":{"line":39,"column":null}},{"start":{},"end":{}}],"line":37},"5":{"loc":{"start":{"line":41,"column":6},"end":{"line":43,"column":null}},"type":"if","locations":[{"start":{"line":41,"column":6},"end":{"line":43,"column":null}},{"start":{},"end":{}}],"line":41},"6":{"loc":{"start":{"line":45,"column":25},"end":{"line":45,"column":null}},"type":"cond-expr","locations":[{"start":{"line":45,"column":58},"end":{"line":45,"column":91}},{"start":{"line":45,"column":91},"end":{"line":45,"column":null}}],"line":45},"7":{"loc":{"start":{"line":46,"column":26},"end":{"line":47,"column":null}},"type":"cond-expr","locations":[{"start":{"line":47,"column":10},"end":{"line":47,"column":69}},{"start":{"line":47,"column":69},"end":{"line":47,"column":null}}],"line":46},"8":{"loc":{"start":{"line":46,"column":26},"end":{"line":46,"column":null}},"type":"binary-expr","locations":[{"start":{"line":46,"column":26},"end":{"line":46,"column":58}},{"start":{"line":46,"column":58},"end":{"line":46,"column":null}}],"line":46}},"s":{"0":10,"1":11,"2":11,"3":4,"4":7,"5":7,"6":7,"7":1,"8":1,"9":0,"10":6,"11":6,"12":1,"13":5,"14":1,"15":4,"16":11,"17":11},"f":{"0":10,"1":11},"b":{"0":[4,7],"1":[1,0],"2":[1,1],"3":[0,0],"4":[1,5],"5":[1,4],"6":[4,0],"7":[1,3],"8":[11,1]},"meta":{"lastBranch":9,"lastFunction":2,"lastStatement":18,"seen":{"f:7:16:7:37":0,"s:8:2:50:Infinity":0,"f:17:13:17:20":1,"s:18:21:18:Infinity":1,"b:20:6:22:Infinity:undefined:undefined:undefined:undefined":0,"s:20:6:22:Infinity":2,"s:21:8:21:Infinity":3,"s:24:12:24:Infinity":4,"s:26:6:33:Infinity":5,"s:27:8:27:Infinity":6,"b:29:8:31:Infinity:undefined:undefined:undefined:undefined":1,"s:29:8:31:Infinity":7,"b:29:12:29:39:29:39:29:90":2,"s:30:10:30:Infinity":8,"s:32:8:32:Infinity":9,"b:32:82:32:98:32:98:32:113":3,"s:35:23:35:Infinity":10,"b:37:6:39:Infinity:undefined:undefined:undefined:undefined":4,"s:37:6:39:Infinity":11,"s:38:8:38:Infinity":12,"b:41:6:43:Infinity:undefined:undefined:undefined:undefined":5,"s:41:6:43:Infinity":13,"s:42:8:42:Infinity":14,"s:45:25:45:Infinity":15,"b:45:58:45:91:45:91:45:Infinity":6,"s:46:26:47:Infinity":16,"b:47:10:47:69:47:69:47:Infinity":7,"b:46:26:46:58:46:58:46:Infinity":8,"s:48:6:48:Infinity":17}}}
,"/Users/maple/Desktop/copilot-preview/mcp-server/src/validator.ts": {"path":"/Users/maple/Desktop/copilot-preview/mcp-server/src/validator.ts","statementMap":{"0":{"start":{"line":5,"column":28},"end":{"line":5,"column":null}},"1":{"start":{"line":7,"column":25},"end":{"line":16,"column":null}},"2":{"start":{"line":18,"column":24},"end":{"line":67,"column":null}},"3":{"start":{"line":69,"column":31},"end":{"line":88,"column":null}},"4":{"start":{"line":90,"column":15},"end":{"line":90,"column":null}},"5":{"start":{"line":91,"column":15},"end":{"line":91,"column":null}},"6":{"start":{"line":94,"column":8},"end":{"line":94,"column":null}},"7":{"start":{"line":96,"column":2},"end":{"line":98,"column":null}},"8":{"start":{"line":97,"column":4},"end":{"line":97,"column":null}},"9":{"start":{"line":100,"column":2},"end":{"line":100,"column":null}},"10":{"start":{"line":100,"column":36},"end":{"line":100,"column":null}},"11":{"start":{"line":101,"column":2},"end":{"line":101,"column":null}},"12":{"start":{"line":101,"column":33},"end":{"line":101,"column":null}},"13":{"start":{"line":102,"column":2},"end":{"line":102,"column":null}},"14":{"start":{"line":102,"column":39},"end":{"line":102,"column":null}},"15":{"start":{"line":103,"column":2},"end":{"line":103,"column":null}},"16":{"start":{"line":103,"column":32},"end":{"line":103,"column":null}},"17":{"start":{"line":105,"column":2},"end":{"line":105,"column":null}},"18":{"start":{"line":111,"column":23},"end":{"line":113,"column":null}},"19":{"start":{"line":116,"column":2},"end":{"line":126,"column":null}},"20":{"start":{"line":117,"column":4},"end":{"line":117,"column":null}},"21":{"start":{"line":119,"column":4},"end":{"line":124,"column":null}},"22":{"start":{"line":123,"column":6},"end":{"line":123,"column":null}},"23":{"start":{"line":125,"column":4},"end":{"line":125,"column":null}},"24":{"start":{"line":128,"column":2},"end":{"line":133,"column":null}},"25":{"start":{"line":129,"column":4},"end":{"line":132,"column":null}},"26":{"start":{"line":135,"column":20},"end":{"line":135,"column":null}},"27":{"start":{"line":136,"column":2},"end":{"line":142,"column":null}},"28":{"start":{"line":137,"column":10},"end":{"line":137,"column":null}},"29":{"start":{"line":138,"column":4},"end":{"line":141,"column":null}},"30":{"start":{"line":144,"column":19},"end":{"line":144,"column":null}},"31":{"start":{"line":146,"column":2},"end":{"line":148,"column":null}},"32":{"start":{"line":147,"column":4},"end":{"line":147,"column":null}},"33":{"start":{"line":151,"column":2},"end":{"line":154,"column":null}},"34":{"start":{"line":152,"column":20},"end":{"line":152,"column":null}},"35":{"start":{"line":153,"column":4},"end":{"line":153,"column":null}},"36":{"start":{"line":156,"column":2},"end":{"line":156,"column":null}}},"fnMap":{"0":{"name":"detectFileType","decl":{"start":{"line":93,"column":9},"end":{"line":93,"column":24}},"loc":{"start":{"line":93,"column":52},"end":{"line":106,"column":null}},"line":93},"1":{"name":"validateFile","decl":{"start":{"line":108,"column":22},"end":{"line":108,"column":null}},"loc":{"start":{"line":110,"column":29},"end":{"line":157,"column":null}},"line":110}},"branchMap":{"0":{"loc":{"start":{"line":96,"column":2},"end":{"line":98,"column":null}},"type":"if","locations":[{"start":{"line":96,"column":2},"end":{"line":98,"column":null}},{"start":{},"end":{}}],"line":96},"1":{"loc":{"start":{"line":100,"column":2},"end":{"line":100,"column":null}},"type":"if","locations":[{"start":{"line":100,"column":2},"end":{"line":100,"column":null}},{"start":{},"end":{}}],"line":100},"2":{"loc":{"start":{"line":101,"column":2},"end":{"line":101,"column":null}},"type":"if","locations":[{"start":{"line":101,"column":2},"end":{"line":101,"column":null}},{"start":{},"end":{}}],"line":101},"3":{"loc":{"start":{"line":102,"column":2},"end":{"line":102,"column":null}},"type":"if","locations":[{"start":{"line":102,"column":2},"end":{"line":102,"column":null}},{"start":{},"end":{}}],"line":102},"4":{"loc":{"start":{"line":103,"column":2},"end":{"line":103,"column":null}},"type":"if","locations":[{"start":{"line":103,"column":2},"end":{"line":103,"column":null}},{"start":{},"end":{}}],"line":103},"5":{"loc":{"start":{"line":111,"column":23},"end":{"line":113,"column":null}},"type":"cond-expr","locations":[{"start":{"line":112,"column":6},"end":{"line":112,"column":null}},{"start":{"line":112,"column":6},"end":{"line":113,"column":null}}],"line":111},"6":{"loc":{"start":{"line":113,"column":14},"end":{"line":113,"column":66}},"type":"binary-expr","locations":[{"start":{"line":113,"column":14},"end":{"line":113,"column":51}},{"start":{"line":113,"column":51},"end":{"line":113,"column":66}}],"line":113},"7":{"loc":{"start":{"line":119,"column":4},"end":{"line":124,"column":null}},"type":"if","locations":[{"start":{"line":119,"column":4},"end":{"line":124,"column":null}},{"start":{},"end":{}}],"line":119},"8":{"loc":{"start":{"line":120,"column":6},"end":{"line":121,"column":null}},"type":"binary-expr","locations":[{"start":{"line":120,"column":6},"end":{"line":120,"column":null}},{"start":{"line":121,"column":7},"end":{"line":121,"column":null}}],"line":120},"9":{"loc":{"start":{"line":128,"column":2},"end":{"line":133,"column":null}},"type":"if","locations":[{"start":{"line":128,"column":2},"end":{"line":133,"column":null}},{"start":{},"end":{}}],"line":128},"10":{"loc":{"start":{"line":136,"column":2},"end":{"line":142,"column":null}},"type":"if","locations":[{"start":{"line":136,"column":2},"end":{"line":142,"column":null}},{"start":{},"end":{}}],"line":136},"11":{"loc":{"start":{"line":146,"column":2},"end":{"line":148,"column":null}},"type":"if","locations":[{"start":{"line":146,"column":2},"end":{"line":148,"column":null}},{"start":{},"end":{}}],"line":146},"12":{"loc":{"start":{"line":151,"column":2},"end":{"line":154,"column":null}},"type":"if","locations":[{"start":{"line":151,"column":2},"end":{"line":154,"column":null}},{"start":{},"end":{}}],"line":151},"13":{"loc":{"start":{"line":151,"column":2},"end":{"line":151,"column":79}},"type":"binary-expr","locations":[{"start":{"line":151,"column":7},"end":{"line":151,"column":30}},{"start":{"line":151,"column":30},"end":{"line":151,"column":58}},{"start":{"line":151,"column":58},"end":{"line":151,"column":79}}],"line":151}},"s":{"0":2,"1":2,"2":2,"3":2,"4":2,"5":2,"6":29,"7":29,"8":1,"9":28,"10":4,"11":24,"12":5,"13":19,"14":3,"15":16,"16":15,"17":1,"18":36,"19":36,"20":36,"21":3,"22":2,"23":1,"24":33,"25":2,"26":31,"27":31,"28":2,"29":2,"30":29,"31":29,"32":4,"33":25,"34":19,"35":19,"36":25},"f":{"0":29,"1":36},"b":{"0":[1,28],"1":[4,24],"2":[5,19],"3":[3,16],"4":[15,1],"5":[34,2],"6":[2,0],"7":[2,1],"8":[3,3],"9":[2,31],"10":[2,29],"11":[4,25],"12":[19,6],"13":[25,9,20]},"meta":{"lastBranch":14,"lastFunction":2,"lastStatement":37,"seen":{"s:5:28:5:Infinity":0,"s:7:25:16:Infinity":1,"s:18:24:67:Infinity":2,"s:69:31:88:Infinity":3,"s:90:15:90:Infinity":4,"s:91:15:91:Infinity":5,"f:93:9:93:24":0,"s:94:8:94:Infinity":6,"b:96:2:98:Infinity:undefined:undefined:undefined:undefined":0,"s:96:2:98:Infinity":7,"s:97:4:97:Infinity":8,"b:100:2:100:Infinity:undefined:undefined:undefined:undefined":1,"s:100:2:100:Infinity":9,"s:100:36:100:Infinity":10,"b:101:2:101:Infinity:undefined:undefined:undefined:undefined":2,"s:101:2:101:Infinity":11,"s:101:33:101:Infinity":12,"b:102:2:102:Infinity:undefined:undefined:undefined:undefined":3,"s:102:2:102:Infinity":13,"s:102:39:102:Infinity":14,"b:103:2:103:Infinity:undefined:undefined:undefined:undefined":4,"s:103:2:103:Infinity":15,"s:103:32:103:Infinity":16,"s:105:2:105:Infinity":17,"f:108:22:108:Infinity":1,"s:111:23:113:Infinity":18,"b:112:6:112:Infinity:112:6:113:Infinity":5,"b:113:14:113:51:113:51:113:66":6,"s:116:2:126:Infinity":19,"s:117:4:117:Infinity":20,"b:119:4:124:Infinity:undefined:undefined:undefined:undefined":7,"s:119:4:124:Infinity":21,"b:120:6:120:Infinity:121:7:121:Infinity":8,"s:123:6:123:Infinity":22,"s:125:4:125:Infinity":23,"b:128:2:133:Infinity:undefined:undefined:undefined:undefined":9,"s:128:2:133:Infinity":24,"s:129:4:132:Infinity":25,"s:135:20:135:Infinity":26,"b:136:2:142:Infinity:undefined:undefined:undefined:undefined":10,"s:136:2:142:Infinity":27,"s:137:10:137:Infinity":28,"s:138:4:141:Infinity":29,"s:144:19:144:Infinity":30,"b:146:2:148:Infinity:undefined:undefined:undefined:undefined":11,"s:146:2:148:Infinity":31,"s:147:4:147:Infinity":32,"b:151:2:154:Infinity:undefined:undefined:undefined:undefined":12,"s:151:2:154:Infinity":33,"b:151:7:151:30:151:30:151:58:151:58:151:79":13,"s:152:20:152:Infinity":34,"s:153:4:153:Infinity":35,"s:156:2:156:Infinity":36}}}
}
