<?xml version="1.0" encoding="UTF-8"?>
<coverage generated="1779474995058" clover="3.2.0">
  <project timestamp="1779474995058" name="All files">
    <metrics statements="47" coveredstatements="11" conditionals="24" coveredconditionals="8" methods="5" coveredmethods="2" elements="76" coveredelements="21" complexity="0" loc="47" ncloc="47" packages="2" files="2" classes="2"/>
    <package name="src">
      <metrics statements="27" coveredstatements="6" conditionals="14" coveredconditionals="6" methods="2" coveredmethods="1"/>
      <file name="renderer.ts" path="/Users/maple/Desktop/copilot-preview/src/renderer.ts">
        <metrics statements="27" coveredstatements="6" conditionals="14" coveredconditionals="6" methods="2" coveredmethods="1"/>
        <line num="8" count="16" type="stmt"/>
        <line num="9" count="16" type="cond" truecount="4" falsecount="0"/>
        <line num="10" count="14" type="cond" truecount="2" falsecount="0"/>
        <line num="15" count="8" type="stmt"/>
        <line num="16" count="6" type="stmt"/>
        <line num="19" count="1" type="stmt"/>
        <line num="22" count="0" type="stmt"/>
        <line num="23" count="0" type="stmt"/>
        <line num="25" count="0" type="cond" truecount="0" falsecount="2"/>
        <line num="26" count="0" type="stmt"/>
        <line num="29" count="0" type="stmt"/>
        <line num="31" count="0" type="cond" truecount="0" falsecount="2"/>
        <line num="32" count="0" type="stmt"/>
        <line num="33" count="0" type="stmt"/>
        <line num="34" count="0" type="stmt"/>
        <line num="35" count="0" type="stmt"/>
        <line num="36" count="0" type="stmt"/>
        <line num="37" count="0" type="cond" truecount="0" falsecount="2"/>
        <line num="38" count="0" type="stmt"/>
        <line num="39" count="0" type="stmt"/>
        <line num="40" count="0" type="stmt"/>
        <line num="41" count="0" type="stmt"/>
        <line num="42" count="0" type="cond" truecount="0" falsecount="2"/>
        <line num="43" count="0" type="stmt"/>
        <line num="44" count="0" type="stmt"/>
        <line num="45" count="0" type="stmt"/>
        <line num="46" count="0" type="stmt"/>
      </file>
    </package>
    <package name="src.renderers">
      <metrics statements="20" coveredstatements="5" conditionals="10" coveredconditionals="2" methods="3" coveredmethods="1"/>
      <file name="code-renderer.ts" path="/Users/maple/Desktop/copilot-preview/src/renderers/code-renderer.ts">
        <metrics statements="20" coveredstatements="5" conditionals="10" coveredconditionals="2" methods="3" coveredmethods="1"/>
        <line num="5" count="1" type="stmt"/>
        <line num="49" count="26" type="stmt"/>
        <line num="50" count="26" type="cond" truecount="2" falsecount="0"/>
        <line num="53" count="1" type="stmt"/>
        <line num="55" count="1" type="stmt"/>
        <line num="57" count="0" type="stmt"/>
        <line num="58" count="0" type="stmt"/>
        <line num="60" count="0" type="cond" truecount="0" falsecount="2"/>
        <line num="61" count="0" type="stmt"/>
        <line num="62" count="0" type="stmt"/>
        <line num="63" count="0" type="stmt"/>
        <line num="64" count="0" type="stmt"/>
        <line num="66" count="0" type="stmt"/>
        <line num="86" count="0" type="cond" truecount="0" falsecount="2"/>
        <line num="87" count="0" type="cond" truecount="0" falsecount="2"/>
        <line num="88" count="0" type="stmt"/>
        <line num="100" count="0" type="stmt"/>
        <line num="105" count="0" type="cond" truecount="0" falsecount="2"/>
        <line num="106" count="0" type="stmt"/>
        <line num="107" count="0" type="stmt"/>
      </file>
    </package>
  </project>
</coverage>
