{"/Users/maple/Desktop/copilot-preview/src/renderer.ts": {"path":"/Users/maple/Desktop/copilot-preview/src/renderer.ts","statementMap":{"0":{"start":{"line":8,"column":14},"end":{"line":8,"column":null}},"1":{"start":{"line":9,"column":2},"end":{"line":9,"column":null}},"2":{"start":{"line":9,"column":39},"end":{"line":9,"column":null}},"3":{"start":{"line":10,"column":2},"end":{"line":15,"column":null}},"4":{"start":{"line":15,"column":4},"end":{"line":15,"column":null}},"5":{"start":{"line":16,"column":2},"end":{"line":16,"column":null}},"6":{"start":{"line":19,"column":39},"end":{"line":19,"column":null}},"7":{"start":{"line":22,"column":26},"end":{"line":22,"column":null}},"8":{"start":{"line":23,"column":27},"end":{"line":23,"column":null}},"9":{"start":{"line":25,"column":2},"end":{"line":27,"column":null}},"10":{"start":{"line":26,"column":4},"end":{"line":26,"column":null}},"11":{"start":{"line":29,"column":19},"end":{"line":29,"column":null}},"12":{"start":{"line":31,"column":2},"end":{"line":47,"column":null}},"13":{"start":{"line":32,"column":29},"end":{"line":32,"column":null}},"14":{"start":{"line":33,"column":4},"end":{"line":33,"column":null}},"15":{"start":{"line":34,"column":4},"end":{"line":34,"column":null}},"16":{"start":{"line":35,"column":4},"end":{"line":35,"column":null}},"17":{"start":{"line":36,"column":4},"end":{"line":36,"column":null}},"18":{"start":{"line":37,"column":2},"end":{"line":47,"column":null}},"19":{"start":{"line":38,"column":4},"end":{"line":38,"column":null}},"20":{"start":{"line":39,"column":4},"end":{"line":39,"column":null}},"21":{"start":{"line":40,"column":4},"end":{"line":40,"column":null}},"22":{"start":{"line":41,"column":4},"end":{"line":41,"column":null}},"23":{"start":{"line":42,"column":2},"end":{"line":47,"column":null}},"24":{"start":{"line":43,"column":4},"end":{"line":43,"column":null}},"25":{"start":{"line":44,"column":4},"end":{"line":44,"column":null}},"26":{"start":{"line":45,"column":4},"end":{"line":45,"column":null}},"27":{"start":{"line":46,"column":4},"end":{"line":46,"column":null}}},"fnMap":{"0":{"name":"detectFileType","decl":{"start":{"line":5,"column":16},"end":{"line":5,"column":null}},"loc":{"start":{"line":7,"column":33},"end":{"line":17,"column":null}},"line":7},"1":{"name":"renderFile","decl":{"start":{"line":21,"column":22},"end":{"line":21,"column":33}},"loc":{"start":{"line":21,"column":66},"end":{"line":48,"column":null}},"line":21}},"branchMap":{"0":{"loc":{"start":{"line":9,"column":2},"end":{"line":9,"column":null}},"type":"if","locations":[{"start":{"line":9,"column":2},"end":{"line":9,"column":null}},{"start":{},"end":{}}],"line":9},"1":{"loc":{"start":{"line":9,"column":6},"end":{"line":9,"column":39}},"type":"binary-expr","locations":[{"start":{"line":9,"column":6},"end":{"line":9,"column":23}},{"start":{"line":9,"column":23},"end":{"line":9,"column":39}}],"line":9},"2":{"loc":{"start":{"line":10,"column":2},"end":{"line":15,"column":null}},"type":"if","locations":[{"start":{"line":10,"column":2},"end":{"line":15,"column":null}},{"start":{},"end":{}}],"line":10},"3":{"loc":{"start":{"line":25,"column":2},"end":{"line":27,"column":null}},"type":"if","locations":[{"start":{"line":25,"column":2},"end":{"line":27,"column":null}},{"start":{},"end":{}}],"line":25},"4":{"loc":{"start":{"line":31,"column":2},"end":{"line":47,"column":null}},"type":"if","locations":[{"start":{"line":31,"column":2},"end":{"line":47,"column":null}},{"start":{"line":37,"column":2},"end":{"line":47,"column":null}}],"line":31},"5":{"loc":{"start":{"line":37,"column":2},"end":{"line":47,"column":null}},"type":"if","locations":[{"start":{"line":37,"column":2},"end":{"line":47,"column":null}},{"start":{"line":42,"column":2},"end":{"line":47,"column":null}}],"line":37},"6":{"loc":{"start":{"line":42,"column":2},"end":{"line":47,"column":null}},"type":"if","locations":[{"start":{"line":42,"column":2},"end":{"line":47,"column":null}},{"start":{},"end":{}}],"line":42}},"s":{"0":16,"1":16,"2":2,"3":14,"4":8,"5":6,"6":1,"7":0,"8":0,"9":0,"10":0,"11":0,"12":0,"13":0,"14":0,"15":0,"16":0,"17":0,"18":0,"19":0,"20":0,"21":0,"22":0,"23":0,"24":0,"25":0,"26":0,"27":0},"f":{"0":16,"1":0},"b":{"0":[2,14],"1":[16,15],"2":[8,6],"3":[0,0],"4":[0,0],"5":[0,0],"6":[0,0]},"meta":{"lastBranch":7,"lastFunction":2,"lastStatement":28,"seen":{"f:5:16:5:Infinity":0,"s:8:14:8:Infinity":0,"b:9:2:9:Infinity:undefined:undefined:undefined:undefined":0,"s:9:2:9:Infinity":1,"b:9:6:9:23:9:23:9:39":1,"s:9:39:9:Infinity":2,"b:10:2:15:Infinity:undefined:undefined:undefined:undefined":2,"s:10:2:15:Infinity":3,"s:15:4:15:Infinity":4,"s:16:2:16:Infinity":5,"s:19:39:19:Infinity":6,"f:21:22:21:33":1,"s:22:26:22:Infinity":7,"s:23:27:23:Infinity":8,"b:25:2:27:Infinity:undefined:undefined:undefined:undefined":3,"s:25:2:27:Infinity":9,"s:26:4:26:Infinity":10,"s:29:19:29:Infinity":11,"b:31:2:47:Infinity:37:2:47:Infinity":4,"s:31:2:47:Infinity":12,"s:32:29:32:Infinity":13,"s:33:4:33:Infinity":14,"s:34:4:34:Infinity":15,"s:35:4:35:Infinity":16,"s:36:4:36:Infinity":17,"b:37:2:47:Infinity:42:2:47:Infinity":5,"s:37:2:47:Infinity":18,"s:38:4:38:Infinity":19,"s:39:4:39:Infinity":20,"s:40:4:40:Infinity":21,"s:41:4:41:Infinity":22,"b:42:2:47:Infinity:undefined:undefined:undefined:undefined":6,"s:42:2:47:Infinity":23,"s:43:4:43:Infinity":24,"s:44:4:44:Infinity":25,"s:45:4:45:Infinity":26,"s:46:4:46:Infinity":27}}}
,"/Users/maple/Desktop/copilot-preview/src/renderers/code-renderer.ts": {"path":"/Users/maple/Desktop/copilot-preview/src/renderers/code-renderer.ts","statementMap":{"0":{"start":{"line":5,"column":45},"end":{"line":46,"column":null}},"1":{"start":{"line":49,"column":14},"end":{"line":49,"column":null}},"2":{"start":{"line":50,"column":2},"end":{"line":50,"column":null}},"3":{"start":{"line":53,"column":57},"end":{"line":53,"column":null}},"4":{"start":{"line":55,"column":38},"end":{"line":110,"column":null}},"5":{"start":{"line":57,"column":20},"end":{"line":57,"column":null}},"6":{"start":{"line":58,"column":21},"end":{"line":58,"column":null}},"7":{"start":{"line":60,"column":4},"end":{"line":84,"column":null}},"8":{"start":{"line":61,"column":20},"end":{"line":61,"column":null}},"9":{"start":{"line":62,"column":23},"end":{"line":62,"column":null}},"10":{"start":{"line":63,"column":6},"end":{"line":63,"column":null}},"11":{"start":{"line":64,"column":6},"end":{"line":64,"column":null}},"12":{"start":{"line":66,"column":6},"end":{"line":83,"column":null}},"13":{"start":{"line":86,"column":4},"end":{"line":101,"column":null}},"14":{"start":{"line":87,"column":22},"end":{"line":87,"column":null}},"15":{"start":{"line":88,"column":6},"end":{"line":99,"column":null}},"16":{"start":{"line":100,"column":6},"end":{"line":100,"column":null}},"17":{"start":{"line":105,"column":4},"end":{"line":108,"column":null}},"18":{"start":{"line":106,"column":6},"end":{"line":106,"column":null}},"19":{"start":{"line":107,"column":6},"end":{"line":107,"column":null}}},"fnMap":{"0":{"name":"detectLanguage","decl":{"start":{"line":48,"column":16},"end":{"line":48,"column":31}},"loc":{"start":{"line":48,"column":57},"end":{"line":51,"column":null}},"line":48},"1":{"name":"(anonymous_1)","decl":{"start":{"line":56,"column":8},"end":{"line":56,"column":14}},"loc":{"start":{"line":56,"column":71},"end":{"line":102,"column":null}},"line":56},"2":{"name":"(anonymous_2)","decl":{"start":{"line":104,"column":2},"end":{"line":104,"column":18}},"loc":{"start":{"line":104,"column":18},"end":{"line":109,"column":null}},"line":104}},"branchMap":{"0":{"loc":{"start":{"line":50,"column":9},"end":{"line":50,"column":null}},"type":"binary-expr","locations":[{"start":{"line":50,"column":9},"end":{"line":50,"column":30}},{"start":{"line":50,"column":30},"end":{"line":50,"column":null}}],"line":50},"1":{"loc":{"start":{"line":60,"column":4},"end":{"line":84,"column":null}},"type":"if","locations":[{"start":{"line":60,"column":4},"end":{"line":84,"column":null}},{"start":{"line":65,"column":11},"end":{"line":84,"column":null}}],"line":60},"2":{"loc":{"start":{"line":86,"column":4},"end":{"line":101,"column":null}},"type":"if","locations":[{"start":{"line":86,"column":4},"end":{"line":101,"column":null}},{"start":{},"end":{}}],"line":86},"3":{"loc":{"start":{"line":87,"column":22},"end":{"line":87,"column":null}},"type":"binary-expr","locations":[{"start":{"line":87,"column":22},"end":{"line":87,"column":37}},{"start":{"line":87,"column":37},"end":{"line":87,"column":null}}],"line":87},"4":{"loc":{"start":{"line":105,"column":4},"end":{"line":108,"column":null}},"type":"if","locations":[{"start":{"line":105,"column":4},"end":{"line":108,"column":null}},{"start":{},"end":{}}],"line":105}},"s":{"0":1,"1":26,"2":26,"3":1,"4":1,"5":0,"6":0,"7":0,"8":0,"9":0,"10":0,"11":0,"12":0,"13":0,"14":0,"15":0,"16":0,"17":0,"18":0,"19":0},"f":{"0":26,"1":0,"2":0},"b":{"0":[26,2],"1":[0,0],"2":[0,0],"3":[0,0],"4":[0,0]},"meta":{"lastBranch":5,"lastFunction":3,"lastStatement":20,"seen":{"s:5:45:46:Infinity":0,"f:48:16:48:31":0,"s:49:14:49:Infinity":1,"s:50:2:50:Infinity":2,"b:50:9:50:30:50:30:50:Infinity":0,"s:53:57:53:Infinity":3,"s:55:38:110:Infinity":4,"f:56:8:56:14":1,"s:57:20:57:Infinity":5,"s:58:21:58:Infinity":6,"b:60:4:84:Infinity:65:11:84:Infinity":1,"s:60:4:84:Infinity":7,"s:61:20:61:Infinity":8,"s:62:23:62:Infinity":9,"s:63:6:63:Infinity":10,"s:64:6:64:Infinity":11,"s:66:6:83:Infinity":12,"b:86:4:101:Infinity:undefined:undefined:undefined:undefined":2,"s:86:4:101:Infinity":13,"s:87:22:87:Infinity":14,"b:87:22:87:37:87:37:87:Infinity":3,"s:88:6:99:Infinity":15,"s:100:6:100:Infinity":16,"f:104:2:104:18":2,"b:105:4:108:Infinity:undefined:undefined:undefined:undefined":4,"s:105:4:108:Infinity":17,"s:106:6:106:Infinity":18,"s:107:6:107:Infinity":19}}}
}
